<?xml version="1.0" encoding="UTF-8"?>
<testng-results skipped="0" failed="0" total="1" passed="1">
  <reporter-output>
  </reporter-output>
  <suite name="Default suite" duration-ms="14299" started-at="2021-04-09T07:02:10Z" finished-at="2021-04-09T07:02:24Z">
    <groups>
    </groups>
    <test name="Default test" duration-ms="14299" started-at="2021-04-09T07:02:10Z" finished-at="2021-04-09T07:02:24Z">
      <class name="com.rig.prodecttest.createproduct">
        <test-method status="PASS" signature="configbeforeclass()[pri:0, instance:com.rig.prodecttest.createproduct@5442a311]" name="configbeforeclass" is-config="true" duration-ms="4710" started-at="2021-04-09T12:32:10Z" finished-at="2021-04-09T12:32:14Z">
          <reporter-output>
          </reporter-output>
        </test-method> <!-- configbeforeclass -->
        <test-method status="PASS" signature="configbeforemethod()[pri:0, instance:com.rig.prodecttest.createproduct@5442a311]" name="configbeforemethod" is-config="true" duration-ms="2841" started-at="2021-04-09T12:32:14Z" finished-at="2021-04-09T12:32:17Z">
          <reporter-output>
          </reporter-output>
        </test-method> <!-- configbeforemethod -->
        <test-method status="PASS" signature="createproducttest()[pri:0, instance:com.rig.prodecttest.createproduct@5442a311]" name="createproducttest" duration-ms="6686" started-at="2021-04-09T12:32:17Z" finished-at="2021-04-09T12:32:24Z">
          <reporter-output>
          </reporter-output>
        </test-method> <!-- createproducttest -->
        <test-method status="FAIL" signature="configaftermethod()[pri:0, instance:com.rig.prodecttest.createproduct@5442a311]" name="configaftermethod" is-config="true" duration-ms="0" started-at="2021-04-09T12:32:24Z" finished-at="2021-04-09T12:32:24Z">
          <exception class="java.lang.NullPointerException">
            <full-stacktrace>
              <![CDATA[java.lang.NullPointerException
	at java.util.Objects.requireNonNull(Unknown Source)
	at org.openqa.selenium.support.ui.FluentWait.<init>(FluentWait.java:106)
	at org.openqa.selenium.support.ui.WebDriverWait.<init>(WebDriverWait.java:85)
	at org.openqa.selenium.support.ui.WebDriverWait.<init>(WebDriverWait.java:45)
	at com.prodon.Commonutilities.Webdriverutility.waitforelelmentvisibility(Webdriverutility.java:23)
	at com.prodon.pomrepo.Home_page.logout(Home_page.java:42)
	at com.prodon.Commonutilities.Baseclass.configaftermethod(Baseclass.java:70)
	at sun.reflect.NativeMethodAccessorImpl.invoke0(Native Method)
	at sun.reflect.NativeMethodAccessorImpl.invoke(Unknown Source)
	at sun.reflect.DelegatingMethodAccessorImpl.invoke(Unknown Source)
	at java.lang.reflect.Method.invoke(Unknown Source)
	at org.testng.internal.MethodInvocationHelper.invokeMethod(MethodInvocationHelper.java:100)
	at org.testng.internal.Invoker.invokeConfigurationMethod(Invoker.java:515)
	at org.testng.internal.Invoker.invokeConfigurations(Invoker.java:216)
	at org.testng.internal.Invoker.invokeMethod(Invoker.java:712)
	at org.testng.internal.Invoker.invokeTestMethod(Invoker.java:811)
	at org.testng.internal.Invoker.invokeTestMethods(Invoker.java:1137)
	at org.testng.internal.TestMethodWorker.invokeTestMethods(TestMethodWorker.java:129)
	at org.testng.internal.TestMethodWorker.run(TestMethodWorker.java:112)
	at org.testng.TestRunner.privateRun(TestRunner.java:753)
	at org.testng.TestRunner.run(TestRunner.java:607)
	at org.testng.SuiteRunner.runTest(SuiteRunner.java:368)
	at org.testng.SuiteRunner.runSequentially(SuiteRunner.java:363)
	at org.testng.SuiteRunner.privateRun(SuiteRunner.java:321)
	at org.testng.SuiteRunner.run(SuiteRunner.java:270)
	at org.testng.SuiteRunnerWorker.runSuite(SuiteRunnerWorker.java:52)
	at org.testng.SuiteRunnerWorker.run(SuiteRunnerWorker.java:86)
	at org.testng.TestNG.runSuitesSequentially(TestNG.java:1284)
	at org.testng.TestNG.runSuitesLocally(TestNG.java:1209)
	at org.testng.TestNG.runSuites(TestNG.java:1124)
	at org.testng.TestNG.run(TestNG.java:1096)
	at org.testng.remote.AbstractRemoteTestNG.run(AbstractRemoteTestNG.java:132)
	at org.testng.remote.RemoteTestNG.initAndRun(RemoteTestNG.java:236)
	at org.testng.remote.RemoteTestNG.main(RemoteTestNG.java:81)
]]>
            </full-stacktrace>
          </exception> <!-- java.lang.NullPointerException -->
          <reporter-output>
          </reporter-output>
        </test-method> <!-- configaftermethod -->
      </class> <!-- com.rig.prodecttest.createproduct -->
    </test> <!-- Default test -->
  </suite> <!-- Default suite -->
</testng-results>
